<?xml version="1.0" encoding="UTF-8"?>
<!-- Generated by org.testng.reporters.JUnitReportReporter -->
<testsuite hostname="DESKTOP-G04DR6E" failures="0" tests="1" name="practise.TestDemo" time="0.014" errors="0" timestamp="2023-08-01T13:30:24 AEST" skipped="0">
  <testcase classname="practise.TestDemo" name="simple" time="0.014">
    <system-out>
      <![CDATA[Hi Prasanthi]]>
    </system-out>
  </testcase> <!-- simple -->
  <system-out>
    <![CDATA[Hi Prasanthi]]>
  </system-out>
</testsuite> <!-- practise.TestDemo -->
